2018-11-22 12:25:30,315 - root - DEBUG - Log Configurations loaded
2018-11-22 12:25:30,319 - root - INFO - ************** Application started **************
2018-11-22 12:26:02,297 - root - INFO - ************** Application terminated  **************
2018-11-27 22:01:09,406 - root - DEBUG - Log Configurations loaded
2018-11-27 22:01:09,426 - root - INFO - ************** Application started **************
2018-11-27 22:01:57,880 - root - INFO - ************** Application terminated  **************
2018-11-27 22:01:59,619 - root - DEBUG - Log Configurations loaded
2018-11-27 22:01:59,619 - root - INFO - ************** Application started **************
2018-11-27 22:12:16,339 - root - DEBUG - Log Configurations loaded
2018-11-27 22:12:16,340 - root - INFO - ************** Application started **************
2018-11-27 22:12:27,130 - root - INFO - ************** Application terminated  **************
2018-11-27 22:23:36,147 - root - DEBUG - Log Configurations loaded
2018-11-27 22:23:36,147 - root - INFO - ************** Application started **************
2018-11-27 22:23:36,177 - root - DEBUG - aaa
2018-11-27 22:24:05,616 - root - INFO - ************** Application terminated  **************
2018-11-27 22:42:30,050 - root - DEBUG - Log Configurations loaded
2018-11-27 22:42:30,050 - root - INFO - ************** Application started **************
2018-11-27 22:46:27,648 - root - DEBUG - Log Configurations loaded
2018-11-27 22:46:27,648 - root - INFO - ************** Application started **************
2018-11-27 22:46:27,680 - root - DEBUG - test
2018-11-27 22:46:38,347 - root - INFO - ************** Application terminated  **************
2018-11-27 22:47:52,142 - root - DEBUG - Log Configurations loaded
2018-11-27 22:47:52,142 - root - INFO - ************** Application started **************
2018-11-27 22:47:52,174 - root - DEBUG - test
2018-11-27 22:47:54,253 - root - INFO - ************** Application terminated  **************
2018-11-29 21:10:56,057 - root - DEBUG - Log Configurations loaded
2018-11-29 21:10:56,058 - root - INFO - ************** Application started **************
2018-11-29 21:10:56,242 - root - DEBUG - Testing from  Validate file
2018-11-29 21:11:09,905 - root - ERROR - file:/C:/Users/Harshit/PycharmProjects/Validator/files/invalid.xml:5:0:ERROR:SCHEMASV:SCHEMAV_ELEMENT_CONTENT: Element 'address': This element is not expected. Expected is ( phone ).
file:/C:/Users/Harshit/PycharmProjects/Validator/files/invalid.xml:14:0:ERROR:SCHEMASV:SCHEMAV_ELEMENT_CONTENT: Element 'phone': This element is not expected. Expected is ( age ).
2018-11-29 21:15:17,386 - root - INFO - ************** Application terminated  **************
2018-11-29 21:15:22,554 - root - DEBUG - Log Configurations loaded
2018-11-29 21:15:22,554 - root - INFO - ************** Application started **************
2018-11-29 21:15:22,585 - root - DEBUG - Testing from  Validate file
2018-11-29 21:15:36,489 - root - ERROR - file:/C:/Users/Harshit/PycharmProjects/Validator/files/invalid.xml:5:0:ERROR:SCHEMASV:SCHEMAV_ELEMENT_CONTENT: Element 'address': This element is not expected. Expected is ( phone ).
file:/C:/Users/Harshit/PycharmProjects/Validator/files/invalid.xml:14:0:ERROR:SCHEMASV:SCHEMAV_ELEMENT_CONTENT: Element 'phone': This element is not expected. Expected is ( age ).
2018-11-29 21:27:52,394 - root - DEBUG - Log Configurations loaded
2018-11-29 21:27:52,394 - root - INFO - ************** Application started **************
2018-11-29 21:28:09,864 - root - DEBUG - Log Configurations loaded
2018-11-29 21:28:09,865 - root - INFO - ************** Application started **************
2018-11-29 21:28:09,901 - root - DEBUG - Testing from  Validate file
2018-11-29 21:28:19,499 - root - ERROR - file:/C:/Users/Harshit/PycharmProjects/Validator/files/invalid.xml:5:0:ERROR:SCHEMASV:SCHEMAV_ELEMENT_CONTENT: Element 'address': This element is not expected. Expected is ( phone ).
file:/C:/Users/Harshit/PycharmProjects/Validator/files/invalid.xml:14:0:ERROR:SCHEMASV:SCHEMAV_ELEMENT_CONTENT: Element 'phone': This element is not expected. Expected is ( age ).
2018-11-29 21:29:31,217 - root - DEBUG - Log Configurations loaded
2018-11-29 21:29:31,218 - root - INFO - ************** Application started **************
2018-11-29 21:29:31,253 - root - DEBUG - Testing from  Validate file
2018-11-29 21:29:56,652 - root - ERROR - file:/C:/Users/Harshit/PycharmProjects/Validator/files/invalid.xml:5:0:ERROR:SCHEMASV:SCHEMAV_ELEMENT_CONTENT: Element 'address': This element is not expected. Expected is ( phone ).
file:/C:/Users/Harshit/PycharmProjects/Validator/files/invalid.xml:14:0:ERROR:SCHEMASV:SCHEMAV_ELEMENT_CONTENT: Element 'phone': This element is not expected. Expected is ( age ).
2018-11-29 21:30:28,434 - root - INFO - ************** Application terminated  **************
2018-11-29 21:30:34,260 - root - DEBUG - Log Configurations loaded
2018-11-29 21:30:34,261 - root - INFO - ************** Application started **************
2018-11-29 21:30:34,299 - root - DEBUG - Testing from  Validate file
2018-11-29 21:31:11,583 - root - DEBUG - Log Configurations loaded
2018-11-29 21:31:11,584 - root - INFO - ************** Application started **************
2018-11-29 21:31:11,622 - root - DEBUG - Testing from  Validate file
2018-11-29 21:31:24,801 - root - INFO - ************** Application terminated  **************
2018-11-29 21:58:42,942 - root - DEBUG - Log Configurations loaded
2018-11-29 21:58:42,942 - root - INFO - ************** Application started **************
2018-11-29 21:58:42,981 - root - DEBUG - Testing from  Validate file
2018-11-29 21:58:52,597 - root - ERROR - file:/C:/Users/Harshit/PycharmProjects/Validator/files/invalid.xml:5:0:ERROR:SCHEMASV:SCHEMAV_ELEMENT_CONTENT: Element 'address': This element is not expected. Expected is ( phone ).
file:/C:/Users/Harshit/PycharmProjects/Validator/files/invalid.xml:14:0:ERROR:SCHEMASV:SCHEMAV_ELEMENT_CONTENT: Element 'phone': This element is not expected. Expected is ( age ).
2018-11-29 22:00:02,451 - root - ERROR - file:/C:/Users/Harshit/PycharmProjects/Validator/files/invalid.xml:5:0:ERROR:SCHEMASV:SCHEMAV_ELEMENT_CONTENT: Element 'address': This element is not expected. Expected is ( phone ).
file:/C:/Users/Harshit/PycharmProjects/Validator/files/invalid.xml:14:0:ERROR:SCHEMASV:SCHEMAV_ELEMENT_CONTENT: Element 'phone': This element is not expected. Expected is ( age ).
2018-11-29 23:34:43,304 - root - INFO - ************** Application terminated  **************
2018-12-07 10:49:41,307 - root - DEBUG - Log Configurations loaded
2018-12-07 10:49:41,325 - root - INFO - ************** Application started **************
2018-12-07 10:49:41,864 - root - DEBUG - Testing from  Validate file
2018-12-07 11:02:36,964 - root - DEBUG - Log Configurations loaded
2018-12-07 11:02:36,965 - root - INFO - ************** Application started **************
2018-12-07 11:02:37,007 - root - DEBUG - Testing from  Validate file
2018-12-07 11:02:48,131 - root - INFO - ************** Application terminated  **************
2018-12-07 11:02:56,246 - root - DEBUG - Log Configurations loaded
2018-12-07 11:02:56,246 - root - INFO - ************** Application started **************
2018-12-07 11:02:56,288 - root - DEBUG - Testing from  Validate file
2018-12-07 11:03:11,552 - root - INFO - ************** Application terminated  **************
2018-12-07 11:17:20,376 - root - DEBUG - Log Configurations loaded
2018-12-07 11:17:20,376 - root - INFO - ************** Application started **************
2018-12-07 11:17:20,410 - root - DEBUG - Testing from  Validate file
2018-12-07 11:18:06,067 - root - DEBUG - Log Configurations loaded
2018-12-07 11:18:06,067 - root - INFO - ************** Application started **************
2018-12-07 11:18:06,100 - root - DEBUG - Testing from  Validate file
2018-12-07 11:18:13,387 - root - INFO - ************** Application terminated  **************
2018-12-07 11:18:28,631 - root - DEBUG - Log Configurations loaded
2018-12-07 11:18:28,632 - root - INFO - ************** Application started **************
2018-12-07 11:18:28,662 - root - DEBUG - Testing from  Validate file
2018-12-07 11:19:42,572 - root - INFO - ************** Application terminated  **************
2018-12-07 11:20:56,620 - root - DEBUG - Log Configurations loaded
2018-12-07 11:20:56,620 - root - INFO - ************** Application started **************
2018-12-07 11:20:56,654 - root - DEBUG - Testing from  Validate file
2018-12-07 11:21:27,531 - root - INFO - ************** Application terminated  **************
2019-01-16 19:38:51,820 - root - DEBUG - Log Configurations loaded
2019-01-16 19:38:51,836 - root - INFO - ************** Application started **************
2019-01-16 19:38:52,390 - root - DEBUG - Testing from  Validate file
2019-01-16 19:39:40,052 - root - ERROR - file:/C:/Users/Harshit/PycharmProjects/Validator/files/invalid.xml:5:0:ERROR:SCHEMASV:SCHEMAV_ELEMENT_CONTENT: Element 'address': This element is not expected. Expected is ( phone ).
file:/C:/Users/Harshit/PycharmProjects/Validator/files/invalid.xml:14:0:ERROR:SCHEMASV:SCHEMAV_ELEMENT_CONTENT: Element 'phone': This element is not expected. Expected is ( age ).
2019-01-16 19:43:30,588 - root - INFO - ************** Application terminated  **************
2019-01-16 19:50:22,434 - root - DEBUG - Log Configurations loaded
2019-01-16 19:50:22,435 - root - INFO - ************** Application started **************
2019-01-16 19:50:22,473 - root - DEBUG - Testing from  Validate file
2019-01-16 19:50:37,866 - root - ERROR - file:/C:/Users/Harshit/PycharmProjects/Validator/files/invalid.xml:5:0:ERROR:SCHEMASV:SCHEMAV_ELEMENT_CONTENT: Element 'address': This element is not expected. Expected is ( phone ).
file:/C:/Users/Harshit/PycharmProjects/Validator/files/invalid.xml:14:0:ERROR:SCHEMASV:SCHEMAV_ELEMENT_CONTENT: Element 'phone': This element is not expected. Expected is ( age ).
2019-01-16 19:52:39,237 - root - ERROR - file:/C:/Users/Harshit/PycharmProjects/Validator/files/invalid.xml:5:0:ERROR:SCHEMASV:SCHEMAV_ELEMENT_CONTENT: Element 'address': This element is not expected. Expected is ( phone ).
2019-01-16 19:55:16,229 - root - DEBUG - Log Configurations loaded
2019-01-16 19:55:16,229 - root - INFO - ************** Application started **************
2019-01-16 19:55:16,283 - root - DEBUG - Testing from  Validate file
2019-01-16 19:55:26,494 - root - INFO - ************** Application terminated  **************
2019-01-16 20:25:47,105 - root - DEBUG - Log Configurations loaded
2019-01-16 20:25:47,105 - root - INFO - ************** Application started **************
2019-01-16 20:25:47,139 - root - DEBUG - Testing from  Validate file
2019-01-16 20:25:57,558 - root - INFO - ************** Application terminated  **************
2019-01-16 20:29:51,303 - root - DEBUG - Log Configurations loaded
2019-01-16 20:29:51,303 - root - INFO - ************** Application started **************
2019-01-16 20:29:51,349 - root - DEBUG - Testing from  Validate file
2019-01-16 20:29:57,667 - root - INFO - ************** Application terminated  **************
2019-01-16 20:30:11,497 - root - DEBUG - Log Configurations loaded
2019-01-16 20:30:11,497 - root - INFO - ************** Application started **************
2019-01-16 20:30:11,528 - root - DEBUG - Testing from  Validate file
2019-01-16 20:30:29,074 - root - INFO - ************** Application terminated  **************
2019-01-16 20:30:41,606 - root - DEBUG - Log Configurations loaded
2019-01-16 20:30:41,606 - root - INFO - ************** Application started **************
2019-01-16 20:30:41,653 - root - DEBUG - Testing from  Validate file
2019-01-16 20:31:45,903 - root - DEBUG - Log Configurations loaded
2019-01-16 20:31:45,903 - root - INFO - ************** Application started **************
2019-01-16 20:31:45,934 - root - DEBUG - Testing from  Validate file
2019-01-16 20:32:12,793 - root - DEBUG - Log Configurations loaded
2019-01-16 20:32:12,793 - root - INFO - ************** Application started **************
2019-01-16 20:32:12,824 - root - DEBUG - Testing from  Validate file
2019-01-16 20:33:20,887 - root - DEBUG - Log Configurations loaded
2019-01-16 20:33:20,887 - root - INFO - ************** Application started **************
2019-01-16 20:33:20,922 - root - DEBUG - Testing from  Validate file
2019-01-16 20:33:44,105 - root - DEBUG - Log Configurations loaded
2019-01-16 20:33:44,105 - root - INFO - ************** Application started **************
2019-01-16 20:33:44,143 - root - DEBUG - Testing from  Validate file
2019-01-16 20:34:08,137 - root - DEBUG - Log Configurations loaded
2019-01-16 20:34:08,137 - root - INFO - ************** Application started **************
2019-01-16 20:34:08,169 - root - DEBUG - Testing from  Validate file
2019-01-16 20:35:51,699 - root - DEBUG - Log Configurations loaded
2019-01-16 20:35:51,699 - root - INFO - ************** Application started **************
2019-01-16 20:35:51,746 - root - DEBUG - Testing from  Validate file
2019-01-16 20:38:27,605 - root - DEBUG - Log Configurations loaded
2019-01-16 20:38:27,605 - root - INFO - ************** Application started **************
2019-01-16 20:38:27,636 - root - DEBUG - Testing from  Validate file
2019-01-16 20:38:43,918 - root - INFO - ************** Application terminated  **************
2019-01-16 20:42:59,453 - root - DEBUG - Log Configurations loaded
2019-01-16 20:42:59,453 - root - INFO - ************** Application started **************
2019-01-16 20:42:59,484 - root - DEBUG - Testing from  Validate file
2019-01-16 20:44:25,794 - root - DEBUG - Log Configurations loaded
2019-01-16 20:44:25,794 - root - INFO - ************** Application started **************
2019-01-16 20:44:25,825 - root - DEBUG - Testing from  Validate file
2019-01-16 20:46:16,777 - root - INFO - ************** Application terminated  **************
2019-01-16 20:46:18,370 - root - DEBUG - Log Configurations loaded
2019-01-16 20:46:18,370 - root - INFO - ************** Application started **************
2019-01-16 20:46:18,417 - root - DEBUG - Testing from  Validate file
2019-01-16 20:47:50,406 - root - ERROR - file:/C:/Users/Harshit/PycharmProjects/Validator/files/invalid.xml:12:0:ERROR:SCHEMASV:SCHEMAV_ELEMENT_CONTENT: Element 'student': Missing child element(s). Expected is ( age ).
2019-01-16 20:51:23,329 - root - DEBUG - Log Configurations loaded
2019-01-16 20:51:23,329 - root - INFO - ************** Application started **************
2019-01-16 20:51:23,360 - root - DEBUG - Testing from  Validate file
2019-01-16 21:05:05,810 - root - DEBUG - Log Configurations loaded
2019-01-16 21:05:05,810 - root - INFO - ************** Application started **************
2019-01-16 21:05:05,841 - root - DEBUG - Testing from  Validate file
2019-01-16 21:05:45,058 - root - DEBUG - Log Configurations loaded
2019-01-16 21:05:45,058 - root - INFO - ************** Application started **************
2019-01-16 21:05:45,089 - root - DEBUG - Testing from  Validate file
2019-01-16 21:11:15,674 - root - INFO - ************** Application terminated  **************
2019-01-16 21:11:19,872 - root - DEBUG - Log Configurations loaded
2019-01-16 21:11:19,872 - root - INFO - ************** Application started **************
2019-01-16 21:11:19,903 - root - DEBUG - Testing from  Validate file
2019-01-16 21:11:34,144 - root - INFO - ************** Application terminated  **************
2019-01-16 21:12:03,646 - root - DEBUG - Log Configurations loaded
2019-01-16 21:12:03,646 - root - INFO - ************** Application started **************
2019-01-16 21:12:03,677 - root - DEBUG - Testing from  Validate file
2019-01-16 21:15:06,012 - root - DEBUG - Log Configurations loaded
2019-01-16 21:15:06,012 - root - INFO - ************** Application started **************
2019-01-16 21:15:06,044 - root - DEBUG - Testing from  Validate file
2019-01-16 21:15:39,135 - root - INFO - ************** Application terminated  **************
2019-01-16 21:18:03,074 - root - DEBUG - Log Configurations loaded
2019-01-16 21:18:03,074 - root - INFO - ************** Application started **************
2019-01-16 21:18:03,105 - root - DEBUG - Testing from  Validate file
2019-01-16 21:18:13,965 - root - INFO - ************** Application terminated  **************
2019-01-16 21:38:38,357 - root - DEBUG - Log Configurations loaded
2019-01-16 21:38:38,358 - root - INFO - ************** Application started **************
2019-01-16 21:38:38,398 - root - DEBUG - Testing from  Validate file
2019-01-16 21:40:44,873 - root - DEBUG - Log Configurations loaded
2019-01-16 21:40:44,873 - root - INFO - ************** Application started **************
2019-01-16 21:40:44,904 - root - DEBUG - Testing from  Validate file
2019-01-16 21:41:08,497 - root - INFO - ************** Application terminated  **************
2019-01-16 21:43:44,964 - root - DEBUG - Log Configurations loaded
2019-01-16 21:43:44,964 - root - INFO - ************** Application started **************
2019-01-16 21:43:45,027 - root - DEBUG - Testing from  Validate file
2019-01-16 21:43:55,480 - root - INFO - ************** Application terminated  **************
2019-01-16 21:59:33,163 - root - DEBUG - Log Configurations loaded
2019-01-16 21:59:33,163 - root - INFO - ************** Application started **************
2019-01-16 21:59:33,272 - root - DEBUG - Testing from  Validate file
2019-01-16 21:59:40,637 - root - DEBUG - Log Configurations loaded
2019-01-16 21:59:40,637 - root - INFO - ************** Application started **************
2019-01-16 21:59:40,715 - root - DEBUG - Testing from  Validate file
2019-01-16 22:00:29,058 - root - DEBUG - Log Configurations loaded
2019-01-16 22:00:29,058 - root - INFO - ************** Application started **************
2019-01-16 22:00:29,089 - root - DEBUG - Testing from  Validate file
2019-01-16 22:01:14,997 - root - DEBUG - Log Configurations loaded
2019-01-16 22:01:14,997 - root - INFO - ************** Application started **************
2019-01-16 22:01:15,044 - root - DEBUG - Testing from  Validate file
2019-01-16 22:02:21,029 - root - DEBUG - Log Configurations loaded
2019-01-16 22:02:21,029 - root - INFO - ************** Application started **************
2019-01-16 22:02:21,076 - root - DEBUG - Testing from  Validate file
2019-01-16 22:03:00,307 - root - INFO - ************** Application terminated  **************
2019-01-16 22:39:31,993 - root - DEBUG - Log Configurations loaded
2019-01-16 22:39:31,993 - root - INFO - ************** Application started **************
2019-01-16 22:39:32,025 - root - DEBUG - Testing from  Validate file
2019-01-16 22:39:37,302 - root - INFO - ************** Application terminated  **************
2019-01-16 22:39:40,450 - root - DEBUG - Log Configurations loaded
2019-01-16 22:39:40,450 - root - INFO - ************** Application started **************
2019-01-16 22:39:40,481 - root - DEBUG - Testing from  Validate file
2019-01-16 22:39:42,715 - root - INFO - ************** Application terminated  **************
2019-01-16 22:39:52,228 - root - DEBUG - Log Configurations loaded
2019-01-16 22:39:52,228 - root - INFO - ************** Application started **************
2019-01-16 22:39:52,266 - root - DEBUG - Testing from  Validate file
2019-01-16 22:40:04,182 - root - INFO - ************** Application terminated  **************
2019-01-16 22:40:55,057 - root - DEBUG - Log Configurations loaded
2019-01-16 22:40:55,057 - root - INFO - ************** Application started **************
2019-01-16 22:40:55,089 - root - DEBUG - Testing from  Validate file
2019-01-16 22:41:04,559 - root - DEBUG - Log Configurations loaded
2019-01-16 22:41:04,559 - root - INFO - ************** Application started **************
2019-01-16 22:41:04,590 - root - DEBUG - Testing from  Validate file
2019-01-16 22:41:13,090 - root - DEBUG - Log Configurations loaded
2019-01-16 22:41:13,090 - root - INFO - ************** Application started **************
2019-01-16 22:41:13,122 - root - DEBUG - Testing from  Validate file
2019-01-16 22:41:26,654 - root - DEBUG - Log Configurations loaded
2019-01-16 22:41:26,654 - root - INFO - ************** Application started **************
2019-01-16 22:41:26,685 - root - DEBUG - Testing from  Validate file
2019-01-16 22:41:47,162 - root - INFO - ************** Application terminated  **************
2019-01-16 22:47:40,229 - root - DEBUG - Log Configurations loaded
2019-01-16 22:47:40,229 - root - INFO - ************** Application started **************
2019-01-16 22:47:40,278 - root - DEBUG - Testing from  Validate file
2019-01-16 22:51:56,527 - root - DEBUG - Log Configurations loaded
2019-01-16 22:51:56,527 - root - INFO - ************** Application started **************
2019-01-16 22:51:56,559 - root - DEBUG - Testing from  Validate file
2019-01-16 22:52:10,318 - root - INFO - ************** Application terminated  **************
2019-01-16 22:54:32,300 - root - DEBUG - Log Configurations loaded
2019-01-16 22:54:32,300 - root - INFO - ************** Application started **************
2019-01-16 22:54:32,318 - root - DEBUG - Testing from  Validate file
2019-01-16 22:54:32,498 - root - DEBUG - Log Configurations loaded
2019-01-16 22:54:32,498 - root - INFO - ************** Application started **************
2019-01-16 22:54:32,529 - root - DEBUG - Testing from  Validate file
2019-01-16 22:54:54,856 - root - INFO - ************** Application terminated  **************
2019-01-16 22:54:56,966 - root - INFO - ************** Application terminated  **************
2019-01-16 22:57:44,637 - root - DEBUG - Log Configurations loaded
2019-01-16 22:57:44,637 - root - INFO - ************** Application started **************
2019-01-16 22:57:44,684 - root - DEBUG - Testing from  Validate file
2019-01-16 22:57:55,221 - root - DEBUG - Testing from  Validate file
2019-01-16 22:57:56,871 - root - ERROR - file:/C:/Users/Harshit/PycharmProjects/Validator/files/invalid.xml:5:0:ERROR:SCHEMASV:SCHEMAV_ELEMENT_CONTENT: Element 'address': This element is not expected. Expected is ( phone ).
2019-01-16 22:58:05,683 - root - INFO - ************** Application terminated  **************
2019-01-16 23:03:22,918 - root - DEBUG - Log Configurations loaded
2019-01-16 23:03:22,918 - root - INFO - ************** Application started **************
2019-01-16 23:03:22,965 - root - DEBUG - Testing from  Validate file
2019-01-16 23:04:05,768 - root - DEBUG - Log Configurations loaded
2019-01-16 23:04:05,768 - root - INFO - ************** Application started **************
2019-01-16 23:04:05,799 - root - DEBUG - Testing from  Validate file
2019-01-16 23:04:46,762 - root - DEBUG - Log Configurations loaded
2019-01-16 23:04:46,762 - root - INFO - ************** Application started **************
2019-01-16 23:04:46,793 - root - DEBUG - Testing from  Validate file
2019-01-16 23:04:53,467 - root - DEBUG - Log Configurations loaded
2019-01-16 23:04:53,467 - root - INFO - ************** Application started **************
2019-01-16 23:04:53,514 - root - DEBUG - Testing from  Validate file
2019-01-16 23:06:45,700 - root - DEBUG - Log Configurations loaded
2019-01-16 23:06:45,700 - root - INFO - ************** Application started **************
2019-01-16 23:06:45,731 - root - DEBUG - Testing from  Validate file
2019-01-16 23:07:08,659 - root - DEBUG - Testing from  Validate file
2019-01-16 23:07:12,671 - root - ERROR - file:/C:/Users/Harshit/PycharmProjects/Validator/files/invalid.xml:5:0:ERROR:SCHEMASV:SCHEMAV_ELEMENT_CONTENT: Element 'address': This element is not expected. Expected is ( phone ).
2019-01-16 23:09:01,464 - root - DEBUG - Testing from  Validate file
2019-01-16 23:09:52,606 - root - INFO - ************** Application terminated  **************
